android/app/build/intermediates/manifest_merge_blame_file/debug/processDebugMainManifest/manifest-merger-blame-debug-report.txt
1<?xml version="1.0" encoding="utf-8"?>
2<manifest xmlns:android="http://schemas.android.com/apk/res/android"
3    package="com.example.nutrimate_app"
4    android:versionCode="1"
5    android:versionName="1.0.0" >
6
7    <uses-sdk
8        android:minSdkVersion="24"
9        android:targetSdkVersion="36" />
10    <!--
11         The INTERNET permission is required for development. Specifically,
12         the Flutter tool needs it to communicate with the running application
13         to allow setting breakpoints, to provide hot reload, etc.
14    -->
15    <uses-permission android:name="android.permission.INTERNET" />
15-->src/debug/AndroidManifest.xml:6:5-66
15-->src/debug/AndroidManifest.xml:6:22-64
16    <!--
17     Required to query activities that can process text, see:
18         https://developer.android.com/training/package-visibility and
19         https://developer.android.com/reference/android/content/Intent#ACTION_PROCESS_TEXT.
20
21         In particular, this is used by the Flutter engine in io.flutter.plugin.text.ProcessTextPlugin.
22    -->
23    <queries>
23-->src/main/AndroidManifest.xml:39:5-44:15
24        <intent>
24-->src/main/AndroidManifest.xml:40:9-43:18
25            <action android:name="android.intent.action.PROCESS_TEXT" />
25-->src/main/AndroidManifest.xml:41:13-72
25-->src/main/AndroidManifest.xml:41:21-70
26
27            <data android:mimeType="text/plain" />
27-->src/main/AndroidManifest.xml:42:13-50
27-->src/main/AndroidManifest.xml:42:19-48
28        </intent>
29    </queries>
30
31    <uses-permission android:name="android.permission.ACCESS_NETWORK_STATE" />
31-->[com.google.firebase:firebase-auth:24.0.1] AndroidManifest.xml:26:5-79
31-->[com.google.firebase:firebase-auth:24.0.1] AndroidManifest.xml:26:22-76
32    <uses-permission android:name="android.permission.WAKE_LOCK" /> <!-- Required by older versions of Google Play services to create IID tokens -->
32-->[com.google.firebase:firebase-iid:20.1.5] AndroidManifest.xml:24:5-68
32-->[com.google.firebase:firebase-iid:20.1.5] AndroidManifest.xml:24:22-65
33    <uses-permission android:name="com.google.android.c2dm.permission.RECEIVE" />
33-->[com.google.firebase:firebase-iid:20.1.5] AndroidManifest.xml:26:5-82
33-->[com.google.firebase:firebase-iid:20.1.5] AndroidManifest.xml:26:22-79
34    <uses-permission android:name="com.google.android.providers.gsf.permission.READ_GSERVICES" />
34-->[com.google.android.recaptcha:recaptcha:18.6.1] AndroidManifest.xml:9:5-98
34-->[com.google.android.recaptcha:recaptcha:18.6.1] AndroidManifest.xml:9:22-95
35    <uses-permission android:name="android.permission.RECEIVE_BOOT_COMPLETED" />
35-->[androidx.work:work-runtime:2.7.0] AndroidManifest.xml:27:5-81
35-->[androidx.work:work-runtime:2.7.0] AndroidManifest.xml:27:22-78
36    <uses-permission android:name="android.permission.FOREGROUND_SERVICE" />
36-->[androidx.work:work-runtime:2.7.0] AndroidManifest.xml:28:5-77
36-->[androidx.work:work-runtime:2.7.0] AndroidManifest.xml:28:22-74
37
38    <permission
38-->[androidx.core:core:1.13.1] AndroidManifest.xml:22:5-24:47
39        android:name="com.example.nutrimate_app.DYNAMIC_RECEIVER_NOT_EXPORTED_PERMISSION"
39-->[androidx.core:core:1.13.1] AndroidManifest.xml:23:9-81
40        android:protectionLevel="signature" />
40-->[androidx.core:core:1.13.1] AndroidManifest.xml:24:9-44
41
42    <uses-permission android:name="com.example.nutrimate_app.DYNAMIC_RECEIVER_NOT_EXPORTED_PERMISSION" />
42-->[androidx.core:core:1.13.1] AndroidManifest.xml:26:5-97
42-->[androidx.core:core:1.13.1] AndroidManifest.xml:26:22-94
43
44    <application
45        android:name="android.app.Application"
46        android:appComponentFactory="androidx.core.app.CoreComponentFactory"
46-->[androidx.core:core:1.13.1] AndroidManifest.xml:28:18-86
47        android:debuggable="true"
48        android:extractNativeLibs="false"
49        android:icon="@mipmap/ic_launcher"
50        android:label="nutrimate_app" >
51        <activity
52            android:name="com.example.nutrimate_app.MainActivity"
53            android:configChanges="orientation|keyboardHidden|keyboard|screenSize|smallestScreenSize|locale|layoutDirection|fontScale|screenLayout|density|uiMode"
54            android:exported="true"
55            android:hardwareAccelerated="true"
56            android:launchMode="singleTop"
57            android:taskAffinity=""
58            android:theme="@style/LaunchTheme"
59            android:windowSoftInputMode="adjustResize" >
60
61            <!--
62                 Specifies an Android theme to apply to this Activity as soon as
63                 the Android process has started. This theme is visible to the user
64                 while the Flutter UI initializes. After that, this theme continues
65                 to determine the Window background behind the Flutter UI.
66            -->
67            <meta-data
68                android:name="io.flutter.embedding.android.NormalTheme"
69                android:resource="@style/NormalTheme" />
70
71            <intent-filter>
72                <action android:name="android.intent.action.MAIN" />
73
74                <category android:name="android.intent.category.LAUNCHER" />
75            </intent-filter>
76        </activity>
77        <!--
78             Don't delete the meta-data below.
79             This is used by the Flutter tool to generate GeneratedPluginRegistrant.java
80        -->
81        <meta-data
82            android:name="flutterEmbedding"
83            android:value="2" />
84
85        <service
85-->[:firebase_auth] AndroidManifest.xml:8:9-12:19
86            android:name="com.google.firebase.components.ComponentDiscoveryService"
86-->[:firebase_auth] AndroidManifest.xml:8:18-89
87            android:directBootAware="true"
87-->[com.google.firebase:firebase-common:22.0.1] AndroidManifest.xml:32:13-43
88            android:exported="false" >
88-->[com.google.firebase:firebase-auth:24.0.1] AndroidManifest.xml:68:13-37
89            <meta-data
89-->[:firebase_auth] AndroidManifest.xml:9:13-11:85
90                android:name="com.google.firebase.components:io.flutter.plugins.firebase.auth.FlutterFirebaseAuthRegistrar"
90-->[:firebase_auth] AndroidManifest.xml:10:17-124
91                android:value="com.google.firebase.components.ComponentRegistrar" />
91-->[:firebase_auth] AndroidManifest.xml:11:17-82
92            <meta-data
92-->[:cloud_firestore] AndroidManifest.xml:9:13-11:85
93                android:name="com.google.firebase.components:io.flutter.plugins.firebase.firestore.FlutterFirebaseFirestoreRegistrar"
93-->[:cloud_firestore] AndroidManifest.xml:10:17-134
94                android:value="com.google.firebase.components.ComponentRegistrar" />
94-->[:cloud_firestore] AndroidManifest.xml:11:17-82
95            <meta-data
95-->[:firebase_core] AndroidManifest.xml:9:13-11:85
96                android:name="com.google.firebase.components:io.flutter.plugins.firebase.core.FlutterFirebaseCoreRegistrar"
96-->[:firebase_core] AndroidManifest.xml:10:17-124
97                android:value="com.google.firebase.components.ComponentRegistrar" />
97-->[:firebase_core] AndroidManifest.xml:11:17-82
98            <meta-data
98-->[com.google.firebase:firebase-auth:24.0.1] AndroidManifest.xml:69:13-71:85
99                android:name="com.google.firebase.components:com.google.firebase.auth.FirebaseAuthRegistrar"
99-->[com.google.firebase:firebase-auth:24.0.1] AndroidManifest.xml:70:17-109
100                android:value="com.google.firebase.components.ComponentRegistrar" />
100-->[com.google.firebase:firebase-auth:24.0.1] AndroidManifest.xml:71:17-82
101            <meta-data
101-->[com.google.firebase:firebase-firestore:26.0.2] AndroidManifest.xml:17:13-19:85
102                android:name="com.google.firebase.components:com.google.firebase.firestore.FirebaseFirestoreKtxRegistrar"
102-->[com.google.firebase:firebase-firestore:26.0.2] AndroidManifest.xml:18:17-122
103                android:value="com.google.firebase.components.ComponentRegistrar" />
103-->[com.google.firebase:firebase-firestore:26.0.2] AndroidManifest.xml:19:17-82
104            <meta-data
104-->[com.google.firebase:firebase-firestore:26.0.2] AndroidManifest.xml:20:13-22:85
105                android:name="com.google.firebase.components:com.google.firebase.firestore.FirestoreRegistrar"
105-->[com.google.firebase:firebase-firestore:26.0.2] AndroidManifest.xml:21:17-111
106                android:value="com.google.firebase.components.ComponentRegistrar" />
106-->[com.google.firebase:firebase-firestore:26.0.2] AndroidManifest.xml:22:17-82
107            <meta-data
107-->[com.google.firebase:firebase-iid:20.1.5] AndroidManifest.xml:32:13-34:85
108                android:name="com.google.firebase.components:com.google.firebase.iid.Registrar"
108-->[com.google.firebase:firebase-iid:20.1.5] AndroidManifest.xml:33:17-96
109                android:value="com.google.firebase.components.ComponentRegistrar" />
109-->[com.google.firebase:firebase-iid:20.1.5] AndroidManifest.xml:34:17-82
110            <meta-data
110-->[com.google.firebase:firebase-installations:19.0.1] AndroidManifest.xml:15:13-17:85
111                android:name="com.google.firebase.components:com.google.firebase.installations.FirebaseInstallationsKtxRegistrar"
111-->[com.google.firebase:firebase-installations:19.0.1] AndroidManifest.xml:16:17-130
112                android:value="com.google.firebase.components.ComponentRegistrar" />
112-->[com.google.firebase:firebase-installations:19.0.1] AndroidManifest.xml:17:17-82
113            <meta-data
113-->[com.google.firebase:firebase-installations:19.0.1] AndroidManifest.xml:18:13-20:85
114                android:name="com.google.firebase.components:com.google.firebase.installations.FirebaseInstallationsRegistrar"
114-->[com.google.firebase:firebase-installations:19.0.1] AndroidManifest.xml:19:17-127
115                android:value="com.google.firebase.components.ComponentRegistrar" />
115-->[com.google.firebase:firebase-installations:19.0.1] AndroidManifest.xml:20:17-82
116            <meta-data
116-->[com.google.firebase:firebase-common:22.0.1] AndroidManifest.xml:35:13-37:85
117                android:name="com.google.firebase.components:com.google.firebase.FirebaseCommonKtxRegistrar"
117-->[com.google.firebase:firebase-common:22.0.1] AndroidManifest.xml:36:17-109
118                android:value="com.google.firebase.components.ComponentRegistrar" />
118-->[com.google.firebase:firebase-common:22.0.1] AndroidManifest.xml:37:17-82
119        </service>
120
121        <activity
121-->[com.google.firebase:firebase-auth:24.0.1] AndroidManifest.xml:29:9-46:20
122            android:name="com.google.firebase.auth.internal.GenericIdpActivity"
122-->[com.google.firebase:firebase-auth:24.0.1] AndroidManifest.xml:30:13-80
123            android:excludeFromRecents="true"
123-->[com.google.firebase:firebase-auth:24.0.1] AndroidManifest.xml:31:13-46
124            android:exported="true"
124-->[com.google.firebase:firebase-auth:24.0.1] AndroidManifest.xml:32:13-36
125            android:launchMode="singleTask"
125-->[com.google.firebase:firebase-auth:24.0.1] AndroidManifest.xml:33:13-44
126            android:theme="@android:style/Theme.Translucent.NoTitleBar" >
126-->[com.google.firebase:firebase-auth:24.0.1] AndroidManifest.xml:34:13-72
127            <intent-filter>
127-->[com.google.firebase:firebase-auth:24.0.1] AndroidManifest.xml:35:13-45:29
128                <action android:name="android.intent.action.VIEW" />
128-->[com.google.firebase:firebase-auth:24.0.1] AndroidManifest.xml:36:17-69
128-->[com.google.firebase:firebase-auth:24.0.1] AndroidManifest.xml:36:25-66
129
130                <category android:name="android.intent.category.DEFAULT" />
130-->[com.google.firebase:firebase-auth:24.0.1] AndroidManifest.xml:38:17-76
130-->[com.google.firebase:firebase-auth:24.0.1] AndroidManifest.xml:38:27-73
131                <category android:name="android.intent.category.BROWSABLE" />
131-->[com.google.firebase:firebase-auth:24.0.1] AndroidManifest.xml:39:17-78
131-->[com.google.firebase:firebase-auth:24.0.1] AndroidManifest.xml:39:27-75
132
133                <data
133-->src/main/AndroidManifest.xml:42:13-50
134                    android:host="firebase.auth"
135                    android:path="/"
136                    android:scheme="genericidp" />
137            </intent-filter>
138        </activity>
139        <activity
139-->[com.google.firebase:firebase-auth:24.0.1] AndroidManifest.xml:47:9-64:20
140            android:name="com.google.firebase.auth.internal.RecaptchaActivity"
140-->[com.google.firebase:firebase-auth:24.0.1] AndroidManifest.xml:48:13-79
141            android:excludeFromRecents="true"
141-->[com.google.firebase:firebase-auth:24.0.1] AndroidManifest.xml:49:13-46
142            android:exported="true"
142-->[com.google.firebase:firebase-auth:24.0.1] AndroidManifest.xml:50:13-36
143            android:launchMode="singleTask"
143-->[com.google.firebase:firebase-auth:24.0.1] AndroidManifest.xml:51:13-44
144            android:theme="@android:style/Theme.Translucent.NoTitleBar" >
144-->[com.google.firebase:firebase-auth:24.0.1] AndroidManifest.xml:52:13-72
145            <intent-filter>
145-->[com.google.firebase:firebase-auth:24.0.1] AndroidManifest.xml:53:13-63:29
146                <action android:name="android.intent.action.VIEW" />
146-->[com.google.firebase:firebase-auth:24.0.1] AndroidManifest.xml:36:17-69
146-->[com.google.firebase:firebase-auth:24.0.1] AndroidManifest.xml:36:25-66
147
148                <category android:name="android.intent.category.DEFAULT" />
148-->[com.google.firebase:firebase-auth:24.0.1] AndroidManifest.xml:38:17-76
148-->[com.google.firebase:firebase-auth:24.0.1] AndroidManifest.xml:38:27-73
149                <category android:name="android.intent.category.BROWSABLE" />
149-->[com.google.firebase:firebase-auth:24.0.1] AndroidManifest.xml:39:17-78
149-->[com.google.firebase:firebase-auth:24.0.1] AndroidManifest.xml:39:27-75
150
151                <data
151-->src/main/AndroidManifest.xml:42:13-50
152                    android:host="firebase.auth"
153                    android:path="/"
154                    android:scheme="recaptcha" />
155            </intent-filter>
156        </activity>
157
158        <service
158-->[com.google.mlkit:linkfirebase:17.0.0] AndroidManifest.xml:9:9-15:19
159            android:name="com.google.mlkit.common.internal.MlKitComponentDiscoveryService"
159-->[com.google.mlkit:linkfirebase:17.0.0] AndroidManifest.xml:10:13-91
160            android:directBootAware="true"
160-->[com.google.mlkit:common:18.11.0] AndroidManifest.xml:17:13-43
161            android:exported="false" >
161-->[com.google.mlkit:linkfirebase:17.0.0] AndroidManifest.xml:11:13-37
162            <meta-data
162-->[com.google.mlkit:linkfirebase:17.0.0] AndroidManifest.xml:12:13-14:85
163                android:name="com.google.firebase.components:com.google.mlkit.linkfirebase.internal.LinkFirebaseComponentRegistrar"
163-->[com.google.mlkit:linkfirebase:17.0.0] AndroidManifest.xml:13:17-132
164                android:value="com.google.firebase.components.ComponentRegistrar" />
164-->[com.google.mlkit:linkfirebase:17.0.0] AndroidManifest.xml:14:17-82
165            <meta-data
165-->[com.google.mlkit:face-mesh-detection:16.0.0-beta2] AndroidManifest.xml:11:13-13:85
166                android:name="com.google.firebase.components:com.google.mlkit.vision.facemesh.internal.FaceMeshRegistrar"
166-->[com.google.mlkit:face-mesh-detection:16.0.0-beta2] AndroidManifest.xml:12:17-122
167                android:value="com.google.firebase.components.ComponentRegistrar" />
167-->[com.google.mlkit:face-mesh-detection:16.0.0-beta2] AndroidManifest.xml:13:17-82
168            <meta-data
168-->[com.google.mlkit:image-labeling:17.0.9] AndroidManifest.xml:11:13-13:85
169                android:name="com.google.firebase.components:com.google.mlkit.vision.label.defaults.internal.BundledLabelRegistrar"
169-->[com.google.mlkit:image-labeling:17.0.9] AndroidManifest.xml:12:17-132
170                android:value="com.google.firebase.components.ComponentRegistrar" />
170-->[com.google.mlkit:image-labeling:17.0.9] AndroidManifest.xml:13:17-82
171            <meta-data
171-->[com.google.mlkit:image-labeling-custom:17.0.3] AndroidManifest.xml:11:13-13:85
172                android:name="com.google.firebase.components:com.google.mlkit.vision.label.custom.internal.CustomLabelRegistrar"
172-->[com.google.mlkit:image-labeling-custom:17.0.3] AndroidManifest.xml:12:17-129
173                android:value="com.google.firebase.components.ComponentRegistrar" />
173-->[com.google.mlkit:image-labeling-custom:17.0.3] AndroidManifest.xml:13:17-82
174            <meta-data
174-->[com.google.mlkit:object-detection:17.0.2] AndroidManifest.xml:14:13-16:85
175                android:name="com.google.firebase.components:com.google.mlkit.vision.objects.defaults.internal.DefaultObjectsRegistrar"
175-->[com.google.mlkit:object-detection:17.0.2] AndroidManifest.xml:15:17-136
176                android:value="com.google.firebase.components.ComponentRegistrar" />
176-->[com.google.mlkit:object-detection:17.0.2] AndroidManifest.xml:16:17-82
177            <meta-data
177-->[com.google.mlkit:object-detection-custom:17.0.2] AndroidManifest.xml:11:13-13:85
178                android:name="com.google.firebase.components:com.google.mlkit.vision.objects.custom.internal.CustomObjectsRegistrar"
178-->[com.google.mlkit:object-detection-custom:17.0.2] AndroidManifest.xml:12:17-133
179                android:value="com.google.firebase.components.ComponentRegistrar" />
179-->[com.google.mlkit:object-detection-custom:17.0.2] AndroidManifest.xml:13:17-82
180            <meta-data
180-->[com.google.mlkit:segmentation-selfie:16.0.0-beta6] AndroidManifest.xml:12:13-14:85
181                android:name="com.google.firebase.components:com.google.mlkit.vision.segmentation.internal.SegmentationRegistrar"
181-->[com.google.mlkit:segmentation-selfie:16.0.0-beta6] AndroidManifest.xml:13:17-130
182                android:value="com.google.firebase.components.ComponentRegistrar" />
182-->[com.google.mlkit:segmentation-selfie:16.0.0-beta6] AndroidManifest.xml:14:17-82
183            <meta-data
183-->[com.google.android.gms:play-services-mlkit-barcode-scanning:18.3.1] AndroidManifest.xml:12:13-14:85
184                android:name="com.google.firebase.components:com.google.mlkit.vision.barcode.internal.BarcodeRegistrar"
184-->[com.google.android.gms:play-services-mlkit-barcode-scanning:18.3.1] AndroidManifest.xml:13:17-120
185                android:value="com.google.firebase.components.ComponentRegistrar" />
185-->[com.google.android.gms:play-services-mlkit-barcode-scanning:18.3.1] AndroidManifest.xml:14:17-82
186            <meta-data
186-->[com.google.android.gms:play-services-mlkit-face-detection:17.1.0] AndroidManifest.xml:12:13-14:85
187                android:name="com.google.firebase.components:com.google.mlkit.vision.face.internal.FaceRegistrar"
187-->[com.google.android.gms:play-services-mlkit-face-detection:17.1.0] AndroidManifest.xml:13:17-114
188                android:value="com.google.firebase.components.ComponentRegistrar" />
188-->[com.google.android.gms:play-services-mlkit-face-detection:17.1.0] AndroidManifest.xml:14:17-82
189            <meta-data
189-->[com.google.mlkit:vision-internal-vkp:18.2.3] AndroidManifest.xml:14:13-16:85
190                android:name="com.google.firebase.components:com.google.mlkit.vision.vkp.VkpRegistrar"
190-->[com.google.mlkit:vision-internal-vkp:18.2.3] AndroidManifest.xml:15:17-103
191                android:value="com.google.firebase.components.ComponentRegistrar" />
191-->[com.google.mlkit:vision-internal-vkp:18.2.3] AndroidManifest.xml:16:17-82
192            <meta-data
192-->[com.google.mlkit:pose-detection-common:18.0.0-beta5] AndroidManifest.xml:29:13-31:85
193                android:name="com.google.firebase.components:com.google.mlkit.vision.pose.internal.PoseRegistrar"
193-->[com.google.mlkit:pose-detection-common:18.0.0-beta5] AndroidManifest.xml:30:17-114
194                android:value="com.google.firebase.components.ComponentRegistrar" />
194-->[com.google.mlkit:pose-detection-common:18.0.0-beta5] AndroidManifest.xml:31:17-82
195            <meta-data
195-->[com.google.android.gms:play-services-mlkit-text-recognition-common:19.1.0] AndroidManifest.xml:12:13-14:85
196                android:name="com.google.firebase.components:com.google.mlkit.vision.text.internal.TextRegistrar"
196-->[com.google.android.gms:play-services-mlkit-text-recognition-common:19.1.0] AndroidManifest.xml:13:17-114
197                android:value="com.google.firebase.components.ComponentRegistrar" />
197-->[com.google.android.gms:play-services-mlkit-text-recognition-common:19.1.0] AndroidManifest.xml:14:17-82
198            <meta-data
198-->[com.google.mlkit:vision-common:17.3.0] AndroidManifest.xml:12:13-14:85
199                android:name="com.google.firebase.components:com.google.mlkit.vision.common.internal.VisionCommonRegistrar"
199-->[com.google.mlkit:vision-common:17.3.0] AndroidManifest.xml:13:17-124
200                android:value="com.google.firebase.components.ComponentRegistrar" />
200-->[com.google.mlkit:vision-common:17.3.0] AndroidManifest.xml:14:17-82
201            <meta-data
201-->[com.google.mlkit:digital-ink-recognition:18.1.0] AndroidManifest.xml:15:13-17:85
202                android:name="com.google.firebase.components:com.google.mlkit.vision.digitalink.internal.DigitalInkRecognitionRegistrar"
202-->[com.google.mlkit:digital-ink-recognition:18.1.0] AndroidManifest.xml:16:17-137
203                android:value="com.google.firebase.components.ComponentRegistrar" />
203-->[com.google.mlkit:digital-ink-recognition:18.1.0] AndroidManifest.xml:17:17-82
204            <meta-data
204-->[com.google.mlkit:entity-extraction:16.0.0-beta5] AndroidManifest.xml:14:13-16:85
205                android:name="com.google.firebase.components:com.google.mlkit.nl.entityextraction.internal.EntityExtractionComponentRegistrar"
205-->[com.google.mlkit:entity-extraction:16.0.0-beta5] AndroidManifest.xml:15:17-143
206                android:value="com.google.firebase.components.ComponentRegistrar" />
206-->[com.google.mlkit:entity-extraction:16.0.0-beta5] AndroidManifest.xml:16:17-82
207            <meta-data
207-->[com.google.mlkit:smart-reply:17.0.4] AndroidManifest.xml:26:13-28:85
208                android:name="com.google.firebase.components:com.google.mlkit.nl.smartreply.bundled.internal.ThickSmartReplyRegistrar"
208-->[com.google.mlkit:smart-reply:17.0.4] AndroidManifest.xml:27:17-135
209                android:value="com.google.firebase.components.ComponentRegistrar" />
209-->[com.google.mlkit:smart-reply:17.0.4] AndroidManifest.xml:28:17-82
210            <meta-data
210-->[com.google.mlkit:language-id:17.0.6] AndroidManifest.xml:11:13-13:85
211                android:name="com.google.firebase.components:com.google.mlkit.nl.languageid.bundled.internal.ThickLanguageIdRegistrar"
211-->[com.google.mlkit:language-id:17.0.6] AndroidManifest.xml:12:17-135
212                android:value="com.google.firebase.components.ComponentRegistrar" />
212-->[com.google.mlkit:language-id:17.0.6] AndroidManifest.xml:13:17-82
213            <meta-data
213-->[com.google.mlkit:translate:17.0.3] AndroidManifest.xml:14:13-16:85
214                android:name="com.google.firebase.components:com.google.mlkit.nl.translate.NaturalLanguageTranslateRegistrar"
214-->[com.google.mlkit:translate:17.0.3] AndroidManifest.xml:15:17-126
215                android:value="com.google.firebase.components.ComponentRegistrar" />
215-->[com.google.mlkit:translate:17.0.3] AndroidManifest.xml:16:17-82
216            <meta-data
216-->[com.google.mlkit:smart-reply-common:16.1.0] AndroidManifest.xml:26:13-28:85
217                android:name="com.google.firebase.components:com.google.mlkit.nl.smartreply.internal.SmartReplyRegistrar"
217-->[com.google.mlkit:smart-reply-common:16.1.0] AndroidManifest.xml:27:17-122
218                android:value="com.google.firebase.components.ComponentRegistrar" />
218-->[com.google.mlkit:smart-reply-common:16.1.0] AndroidManifest.xml:28:17-82
219            <meta-data
219-->[com.google.mlkit:language-id-common:16.1.0] AndroidManifest.xml:26:13-28:85
220                android:name="com.google.firebase.components:com.google.mlkit.nl.languageid.internal.LanguageIdRegistrar"
220-->[com.google.mlkit:language-id-common:16.1.0] AndroidManifest.xml:27:17-122
221                android:value="com.google.firebase.components.ComponentRegistrar" />
221-->[com.google.mlkit:language-id-common:16.1.0] AndroidManifest.xml:28:17-82
222            <meta-data
222-->[com.google.mlkit:common:18.11.0] AndroidManifest.xml:20:13-22:85
223                android:name="com.google.firebase.components:com.google.mlkit.common.internal.CommonComponentRegistrar"
223-->[com.google.mlkit:common:18.11.0] AndroidManifest.xml:21:17-120
224                android:value="com.google.firebase.components.ComponentRegistrar" />
224-->[com.google.mlkit:common:18.11.0] AndroidManifest.xml:22:17-82
225        </service>
226
227        <receiver
227-->[com.google.firebase:firebase-iid:20.1.5] AndroidManifest.xml:37:9-44:20
228            android:name="com.google.firebase.iid.FirebaseInstanceIdReceiver"
228-->[com.google.firebase:firebase-iid:20.1.5] AndroidManifest.xml:38:13-78
229            android:exported="true"
229-->[com.google.firebase:firebase-iid:20.1.5] AndroidManifest.xml:39:13-36
230            android:permission="com.google.android.c2dm.permission.SEND" >
230-->[com.google.firebase:firebase-iid:20.1.5] AndroidManifest.xml:40:13-73
231            <intent-filter>
231-->[com.google.firebase:firebase-iid:20.1.5] AndroidManifest.xml:41:13-43:29
232                <action android:name="com.google.android.c2dm.intent.RECEIVE" />
232-->[com.google.firebase:firebase-iid:20.1.5] AndroidManifest.xml:42:17-81
232-->[com.google.firebase:firebase-iid:20.1.5] AndroidManifest.xml:42:25-78
233            </intent-filter>
234        </receiver>
235
236        <provider
236-->[com.google.firebase:firebase-common:22.0.1] AndroidManifest.xml:23:9-28:39
237            android:name="com.google.firebase.provider.FirebaseInitProvider"
237-->[com.google.firebase:firebase-common:22.0.1] AndroidManifest.xml:24:13-77
238            android:authorities="com.example.nutrimate_app.firebaseinitprovider"
238-->[com.google.firebase:firebase-common:22.0.1] AndroidManifest.xml:25:13-72
239            android:directBootAware="true"
239-->[com.google.firebase:firebase-common:22.0.1] AndroidManifest.xml:26:13-43
240            android:exported="false"
240-->[com.google.firebase:firebase-common:22.0.1] AndroidManifest.xml:27:13-37
241            android:initOrder="100" />
241-->[com.google.firebase:firebase-common:22.0.1] AndroidManifest.xml:28:13-36
242        <!--
243             Required for ML Kit Pose Detection GPU acceleration. Applications that target Android
244             S+ require explicit declaration of any referenced vendor-provided libraries.
245        -->
246        <uses-native-library
246-->[com.google.mlkit:pose-detection-common:18.0.0-beta5] AndroidManifest.xml:16:9-18:40
247            android:name="libOpenCL.so"
247-->[com.google.mlkit:pose-detection-common:18.0.0-beta5] AndroidManifest.xml:17:13-40
248            android:required="false" />
248-->[com.google.mlkit:pose-detection-common:18.0.0-beta5] AndroidManifest.xml:18:13-37
249        <uses-native-library
249-->[com.google.mlkit:pose-detection-common:18.0.0-beta5] AndroidManifest.xml:16:9-18:40
250            android:name="libOpenCL-car.so"
250-->[com.google.mlkit:pose-detection-common:18.0.0-beta5] AndroidManifest.xml:17:13-40
251            android:required="false" />
251-->[com.google.mlkit:pose-detection-common:18.0.0-beta5] AndroidManifest.xml:18:13-37
252        <uses-native-library
252-->[com.google.mlkit:pose-detection-common:18.0.0-beta5] AndroidManifest.xml:16:9-18:40
253            android:name="libOpenCL-pixel.so"
253-->[com.google.mlkit:pose-detection-common:18.0.0-beta5] AndroidManifest.xml:17:13-40
254            android:required="false" />
254-->[com.google.mlkit:pose-detection-common:18.0.0-beta5] AndroidManifest.xml:18:13-37
255
256        <provider
256-->[com.google.mlkit:common:18.11.0] AndroidManifest.xml:9:9-13:38
257            android:name="com.google.mlkit.common.internal.MlKitInitProvider"
257-->[com.google.mlkit:common:18.11.0] AndroidManifest.xml:10:13-78
258            android:authorities="com.example.nutrimate_app.mlkitinitprovider"
258-->[com.google.mlkit:common:18.11.0] AndroidManifest.xml:11:13-69
259            android:exported="false"
259-->[com.google.mlkit:common:18.11.0] AndroidManifest.xml:12:13-37
260            android:initOrder="99" />
260-->[com.google.mlkit:common:18.11.0] AndroidManifest.xml:13:13-35
261
262        <service
262-->[androidx.credentials:credentials-play-services-auth:1.2.0-rc01] AndroidManifest.xml:24:9-32:19
263            android:name="androidx.credentials.playservices.CredentialProviderMetadataHolder"
263-->[androidx.credentials:credentials-play-services-auth:1.2.0-rc01] AndroidManifest.xml:25:13-94
264            android:enabled="true"
264-->[androidx.credentials:credentials-play-services-auth:1.2.0-rc01] AndroidManifest.xml:26:13-35
265            android:exported="false" >
265-->[androidx.credentials:credentials-play-services-auth:1.2.0-rc01] AndroidManifest.xml:27:13-37
266            <meta-data
266-->[androidx.credentials:credentials-play-services-auth:1.2.0-rc01] AndroidManifest.xml:29:13-31:104
267                android:name="androidx.credentials.CREDENTIAL_PROVIDER_KEY"
267-->[androidx.credentials:credentials-play-services-auth:1.2.0-rc01] AndroidManifest.xml:30:17-76